{
  "RSpec": {
    "coverage": {
      "C:/Users/Loren/Desktop/seafood/spec/controllers/dishes_controller_spec.rb": [
        1,
        null,
        1,
        null,
        null,
        null,
        null
      ],
      "C:/Users/Loren/Desktop/seafood/spec/rails_helper.rb": [
        null,
        1,
        1,
        null,
        1,
        1,
        1,
        null,
        null,
        null,
        null,
        null,
        null,
        null,
        null,
        null,
        null,
        null,
        null,
        null,
        null,
        null,
        null,
        null,
        null,
        null,
        1,
        null,
        1,
        null,
        1,
        null,
        null,
        null,
        null,
        1,
        null,
        null,
        null,
        null,
        null,
        null,
        null,
        null,
        null,
        null,
        null,
        null,
        null,
        null,
        1,
        null,
        null,
        1,
        null,
        null,
        null,
        1,
        1,
        1,
        1,
        null,
        null
      ],
      "C:/Users/Loren/Desktop/seafood/config/environment.rb": [
        null,
        1,
        null,
        null,
        1
      ],
      "C:/Users/Loren/Desktop/seafood/config/application.rb": [
        1,
        null,
        1,
        null,
        1,
        1,
        1,
        1,
        1,
        1,
        1,
        1,
        null,
        null,
        null,
        null,
        1,
        null,
        1,
        1,
        null,
        null,
        null,
        null,
        null
      ],
      "C:/Users/Loren/Desktop/seafood/config/boot.rb": [
        1,
        null,
        1
      ],
      "C:/Users/Loren/Desktop/seafood/config/environments/test.rb": [
        1,
        null,
        null,
        null,
        null,
        null,
        null,
        1,
        null,
        null,
        null,
        null,
        1,
        null,
        null,
        1,
        1,
        null,
        null,
        null,
        null,
        1,
        1,
        null,
        null,
        1,
        null,
        null,
        1,
        1,
        null,
        null,
        null,
        null,
        1,
        null,
        null,
        1,
        null,
        null,
        null,
        null
      ],
      "C:/Users/Loren/Desktop/seafood/config/initializers/application_controller_renderer.rb": [
        null,
        null,
        null,
        null,
        null,
        null
      ],
      "C:/Users/Loren/Desktop/seafood/config/initializers/assets.rb": [
        null,
        null,
        null,
        1,
        null,
        null,
        null,
        null,
        null,
        null,
        null
      ],
      "C:/Users/Loren/Desktop/seafood/config/initializers/backtrace_silencers.rb": [
        null,
        null,
        null,
        null,
        null,
        null,
        null
      ],
      "C:/Users/Loren/Desktop/seafood/config/initializers/cookies_serializer.rb": [
        null,
        null,
        null,
        null,
        1
      ],
      "C:/Users/Loren/Desktop/seafood/config/initializers/devise.rb": [
        null,
        null,
        1,
        null,
        null,
        null,
        null,
        null,
        null,
        null,
        null,
        null,
        null,
        null,
        1,
        null,
        null,
        null,
        null,
        null,
        null,
        null,
        null,
        null,
        null,
        null,
        1,
        null,
        null,
        null,
        null,
        null,
        null,
        null,
        null,
        null,
        null,
        null,
        null,
        null,
        null,
        null,
        null,
        null,
        null,
        null,
        null,
        null,
        1,
        null,
        null,
        null,
        null,
        1,
        null,
        null,
        null,
        null,
        null,
        null,
        null,
        null,
        null,
        null,
        null,
        null,
        null,
        null,
        null,
        null,
        null,
        null,
        null,
        null,
        null,
        null,
        null,
        null,
        null,
        null,
        null,
        null,
        null,
        null,
        1,
        null,
        null,
        null,
        null,
        null,
        null,
        null,
        null,
        null,
        null,
        null,
        null,
        null,
        null,
        null,
        null,
        null,
        null,
        null,
        null,
        null,
        null,
        1,
        null,
        null,
        null,
        null,
        null,
        null,
        null,
        null,
        null,
        null,
        null,
        null,
        null,
        null,
        null,
        null,
        null,
        null,
        null,
        null,
        null,
        null,
        null,
        null,
        null,
        null,
        null,
        1,
        null,
        null,
        null,
        null,
        null,
        null,
        null,
        null,
        null,
        1,
        null,
        null,
        null,
        null,
        null,
        null,
        null,
        null,
        null,
        null,
        1,
        null,
        null,
        null,
        null,
        1,
        null,
        null,
        null,
        null,
        null,
        null,
        null,
        null,
        null,
        null,
        null,
        null,
        null,
        null,
        null,
        null,
        null,
        null,
        null,
        null,
        null,
        null,
        null,
        null,
        null,
        null,
        null,
        null,
        null,
        null,
        null,
        null,
        null,
        null,
        null,
        null,
        null,
        null,
        null,
        null,
        1,
        null,
        null,
        null,
        null,
        null,
        null,
        null,
        null,
        null,
        null,
        null,
        null,
        null,
        null,
        null,
        null,
        null,
        null,
        null,
        null,
        null,
        null,
        null,
        null,
        null,
        null,
        null,
        null,
        null,
        null,
        null,
        null,
        null,
        null,
        null,
        null,
        null,
        null,
        null,
        null,
        null,
        1,
        null,
        null,
        null,
        null,
        null,
        null,
        null,
        null,
        null,
        null,
        null,
        null,
        null,
        null,
        null,
        null,
        null,
        null,
        null,
        null,
        null,
        null,
        null,
        null,
        null,
        null,
        null,
        null,
        null
      ],
      "C:/Users/Loren/Desktop/seafood/config/initializers/filter_parameter_logging.rb": [
        null,
        null,
        null,
        1
      ],
      "C:/Users/Loren/Desktop/seafood/config/initializers/inflections.rb": [
        null,
        null,
        null,
        null,
        null,
        null,
        null,
        null,
        null,
        null,
        null,
        null,
        null,
        null,
        null,
        null
      ],
      "C:/Users/Loren/Desktop/seafood/config/initializers/mime_types.rb": [
        null,
        null,
        null,
        null
      ],
      "C:/Users/Loren/Desktop/seafood/config/initializers/new_framework_defaults.rb": [
        null,
        null,
        null,
        null,
        null,
        null,
        null,
        1,
        null,
        null,
        1,
        null,
        null,
        null,
        1,
        null,
        null,
        1,
        null,
        null,
        1,
        null,
        null,
        1
      ],
      "C:/Users/Loren/Desktop/seafood/config/initializers/session_store.rb": [
        null,
        null,
        1
      ],
      "C:/Users/Loren/Desktop/seafood/config/initializers/wrap_parameters.rb": [
        null,
        null,
        null,
        null,
        null,
        null,
        1,
        2,
        null,
        null,
        null,
        null,
        null,
        null
      ],
      "C:/Users/Loren/Desktop/seafood/spec/factories.rb": [
        1,
        1,
        1,
        1,
        null,
        null
      ],
      "C:/Users/Loren/Desktop/seafood/config/routes.rb": [
        1,
        null,
        1,
        1,
        1,
        null,
        1,
        null,
        null,
        null
      ],
      "C:/Users/Loren/Desktop/seafood/app/models/user.rb": [
        1,
        null,
        null,
        1,
        null,
        null,
        1,
        null,
        1,
        1,
        null,
        null
      ],
      "C:/Users/Loren/Desktop/seafood/app/models/application_record.rb": [
        1,
        1,
        null
      ],
      "C:/Users/Loren/Desktop/seafood/app/helpers/application_helper.rb": [
        1,
        null
      ],
      "C:/Users/Loren/Desktop/seafood/app/helpers/dishes_helper.rb": [
        1,
        null
      ],
      "C:/Users/Loren/Desktop/seafood/app/helpers/reviews_helper.rb": [
        1,
        null
      ],
      "C:/Users/Loren/Desktop/seafood/app/controllers/dishes_controller.rb": [
        1,
        1,
        0,
        null,
        null,
        1,
        0,
        0,
        0,
        0,
        0,
        0,
        null,
        null,
        null,
        1,
        0,
        null,
        null,
        1,
        0,
        0,
        0,
        0,
        0,
        null,
        0,
        0,
        null,
        null,
        null,
        1,
        0,
        null,
        null,
        1,
        0,
        0,
        0,
        0,
        null,
        0,
        0,
        null,
        null,
        null,
        1,
        0,
        0,
        0,
        0,
        null,
        null,
        1,
        1,
        0,
        null,
        null
      ],
      "C:/Users/Loren/Desktop/seafood/app/controllers/application_controller.rb": [
        1,
        1,
        1,
        null
      ],
      "C:/Users/Loren/Desktop/seafood/spec/controllers/reviews_controller_spec.rb": [
        1,
        null,
        1,
        null,
        null,
        null
      ],
      "C:/Users/Loren/Desktop/seafood/app/controllers/reviews_controller.rb": [
        1,
        1,
        0,
        0,
        null,
        null,
        1,
        0,
        0,
        0,
        0,
        0,
        null,
        0,
        0,
        null,
        null,
        null,
        1,
        0,
        0,
        0,
        0,
        0,
        null,
        null,
        1,
        1,
        0,
        null,
        null
      ],
      "C:/Users/Loren/Desktop/seafood/spec/helpers/dishes_helper_spec.rb": [
        1,
        null,
        null,
        null,
        null,
        null,
        null,
        null,
        null,
        null,
        null,
        null,
        1,
        1,
        null
      ],
      "C:/Users/Loren/Desktop/seafood/spec/helpers/reviews_helper_spec.rb": [
        1,
        null,
        null,
        null,
        null,
        null,
        null,
        null,
        null,
        null,
        null,
        null,
        1,
        1,
        null
      ],
      "C:/Users/Loren/Desktop/seafood/spec/mailers/customer_mailer_spec.rb": [
        1,
        null,
        1,
        1,
        null
      ],
      "C:/Users/Loren/Desktop/seafood/app/mailers/customer_mailer.rb": [
        1,
        1,
        null,
        1,
        1,
        1,
        1,
        null,
        null
      ],
      "C:/Users/Loren/Desktop/seafood/app/mailers/application_mailer.rb": [
        1,
        1,
        1,
        null
      ],
      "C:/Users/Loren/Desktop/seafood/spec/models/dish_spec.rb": [
        1,
        null,
        1,
        1,
        null
      ],
      "C:/Users/Loren/Desktop/seafood/app/models/dish.rb": [
        1,
        1,
        1,
        null,
        null
      ],
      "C:/Users/Loren/Desktop/seafood/spec/models/review_spec.rb": [
        1,
        null,
        1,
        1,
        null
      ],
      "C:/Users/Loren/Desktop/seafood/app/models/review.rb": [
        1,
        1,
        null
      ],
      "C:/Users/Loren/Desktop/seafood/spec/models/user_spec.rb": [
        1,
        null,
        1,
        1,
        1,
        1,
        null,
        null
      ],
      "C:/Users/Loren/Desktop/seafood/spec/views/dishes/edit.html.erb_spec.rb": [
        1,
        null,
        1,
        1,
        null
      ],
      "C:/Users/Loren/Desktop/seafood/spec/views/dishes/index.html.erb_spec.rb": [
        1,
        null,
        1,
        1,
        null
      ],
      "C:/Users/Loren/Desktop/seafood/spec/views/dishes/new.html.erb_spec.rb": [
        1,
        null,
        1,
        1,
        null
      ],
      "C:/Users/Loren/Desktop/seafood/spec/views/dishes/show.html.erb_spec.rb": [
        1,
        null,
        1,
        1,
        null
      ],
      "C:/Users/Loren/Desktop/seafood/spec/views/reviews/edit.html.erb_spec.rb": [
        1,
        null,
        1,
        1,
        null
      ],
      "C:/Users/Loren/Desktop/seafood/spec/views/reviews/new.html.erb_spec.rb": [
        1,
        null,
        1,
        1,
        null
      ]
    },
    "timestamp": 1487367344
  }
}
